<?xml version="1.0" encoding="UTF-8"?>
<testng-results ignored="0" total="1" passed="1" failed="0" skipped="0">
  <reporter-output>
  </reporter-output>
  <suite started-at="2022-05-04T14:06:22 IST" name="Default suite" finished-at="2022-05-04T14:06:32 IST" duration-ms="9843">
    <groups>
    </groups>
    <test started-at="2022-05-04T14:06:22 IST" name="Default test" finished-at="2022-05-04T14:06:32 IST" duration-ms="9843">
      <class name="AmazonTest.AmazonTestCase">
        <test-method is-config="true" signature="initializesetup()[pri:0, instance:AmazonTest.AmazonTestCase@d29f28]" started-at="2022-05-04T14:06:22 IST" name="initializesetup" finished-at="2022-05-04T14:06:25 IST" duration-ms="2464" status="PASS">
          <reporter-output>
          </reporter-output>
        </test-method> <!-- initializesetup -->
        <test-method signature="Tc001()[pri:0, instance:AmazonTest.AmazonTestCase@d29f28]" started-at="2022-05-04T14:06:25 IST" name="Tc001" finished-at="2022-05-04T14:06:32 IST" duration-ms="7322" status="PASS">
          <reporter-output>
          </reporter-output>
        </test-method> <!-- Tc001 -->
      </class> <!-- AmazonTest.AmazonTestCase -->
    </test> <!-- Default test -->
  </suite> <!-- Default suite -->
</testng-results>
